--------------------------------------------------------------------------------
Release 14.7 Trace  (nt64)
Copyright (c) 1995-2013 Xilinx, Inc.  All rights reserved.

E:\14.7\ISE_DS\ISE\bin\nt64\unwrapped\trce.exe -intstyle ise -v 3 -s 3 -n 3
-fastpaths -xml Cache.twx Cache.ncd -o Cache.twr Cache.pcf

Design file:              Cache.ncd
Physical constraint file: Cache.pcf
Device,package,speed:     xc6slx4,tqg144,C,-3 (PRODUCTION 1.23 2013-10-13)
Report level:             verbose report

Environment Variable      Effect 
--------------------      ------ 
NONE                      No environment variables were set
--------------------------------------------------------------------------------

INFO:Timing:2698 - No timing constraints found, doing default enumeration.
INFO:Timing:3412 - To improve timing, see the Timing Closure User Guide (UG612).
INFO:Timing:2752 - To get complete path coverage, use the unconstrained paths 
   option. All paths that are not constrained will be reported in the 
   unconstrained paths section(s) of the report.
INFO:Timing:3339 - The clock-to-out numbers in this timing report are based on 
   a 50 Ohm transmission line loading model.  For the details of this model, 
   and for more information on accounting for different loading conditions, 
   please see the device datasheet.



Data Sheet report:
-----------------
All values displayed in nanoseconds (ns)

Setup/Hold to clock clk
-------------+------------+------------+------------+------------+------------------+--------+
             |Max Setup to|  Process   |Max Hold to |  Process   |                  | Clock  |
Source       | clk (edge) |   Corner   | clk (edge) |   Corner   |Internal Clock(s) | Phase  |
-------------+------------+------------+------------+------------+------------------+--------+
Address_in<0>|    5.882(R)|      SLOW  |   -0.064(R)|      SLOW  |clk_BUFGP         |   0.000|
Address_in<1>|    6.314(R)|      SLOW  |   -0.076(R)|      SLOW  |clk_BUFGP         |   0.000|
Address_in<2>|    5.379(R)|      SLOW  |    0.292(R)|      SLOW  |clk_BUFGP         |   0.000|
Address_in<3>|    4.526(R)|      SLOW  |   -0.457(R)|      SLOW  |clk_BUFGP         |   0.000|
Address_in<4>|    3.779(R)|      SLOW  |   -0.109(R)|      SLOW  |clk_BUFGP         |   0.000|
Address_in<5>|    4.583(R)|      SLOW  |    0.011(R)|      SLOW  |clk_BUFGP         |   0.000|
RWB          |    2.270(R)|      SLOW  |   -0.203(R)|      SLOW  |clk_BUFGP         |   0.000|
WriteData<0> |    2.726(R)|      SLOW  |    0.017(R)|      SLOW  |clk_BUFGP         |   0.000|
WriteData<1> |    3.195(R)|      SLOW  |   -0.918(R)|      FAST  |clk_BUFGP         |   0.000|
WriteData<2> |    3.599(R)|      SLOW  |   -0.710(R)|      SLOW  |clk_BUFGP         |   0.000|
WriteData<3> |    2.990(R)|      SLOW  |   -0.482(R)|      SLOW  |clk_BUFGP         |   0.000|
WriteData<4> |    2.657(R)|      SLOW  |   -0.412(R)|      SLOW  |clk_BUFGP         |   0.000|
WriteData<5> |    2.849(R)|      SLOW  |   -0.598(R)|      SLOW  |clk_BUFGP         |   0.000|
WriteData<6> |    2.486(R)|      SLOW  |   -0.349(R)|      SLOW  |clk_BUFGP         |   0.000|
WriteData<7> |    2.392(R)|      SLOW  |    0.195(R)|      SLOW  |clk_BUFGP         |   0.000|
WriteEn_in   |    3.711(R)|      SLOW  |    0.152(R)|      SLOW  |clk_BUFGP         |   0.000|
reset        |    4.191(R)|      SLOW  |   -0.154(R)|      SLOW  |clk_BUFGP         |   0.000|
-------------+------------+------------+------------+------------+------------------+--------+

Clock clk to Pad
--------------+-----------------+------------+-----------------+------------+------------------+--------+
              |Max (slowest) clk|  Process   |Min (fastest) clk|  Process   |                  | Clock  |
Destination   |  (edge) to PAD  |   Corner   |  (edge) to PAD  |   Corner   |Internal Clock(s) | Phase  |
--------------+-----------------+------------+-----------------+------------+------------------+--------+
Address_out<3>|        11.897(R)|      SLOW  |         5.082(R)|      FAST  |clk_BUFGP         |   0.000|
Address_out<4>|        11.728(R)|      SLOW  |         5.276(R)|      FAST  |clk_BUFGP         |   0.000|
Address_out<5>|        11.097(R)|      SLOW  |         4.768(R)|      FAST  |clk_BUFGP         |   0.000|
Data_out<0>   |        13.036(R)|      SLOW  |         5.075(R)|      FAST  |clk_BUFGP         |   0.000|
Data_out<1>   |        13.894(R)|      SLOW  |         5.031(R)|      FAST  |clk_BUFGP         |   0.000|
Data_out<2>   |        12.580(R)|      SLOW  |         4.928(R)|      FAST  |clk_BUFGP         |   0.000|
Data_out<3>   |        12.638(R)|      SLOW  |         4.741(R)|      FAST  |clk_BUFGP         |   0.000|
Data_out<4>   |        12.945(R)|      SLOW  |         4.724(R)|      FAST  |clk_BUFGP         |   0.000|
Data_out<5>   |        12.777(R)|      SLOW  |         4.627(R)|      FAST  |clk_BUFGP         |   0.000|
Data_out<6>   |        12.527(R)|      SLOW  |         5.081(R)|      FAST  |clk_BUFGP         |   0.000|
Data_out<7>   |        12.000(R)|      SLOW  |         4.436(R)|      FAST  |clk_BUFGP         |   0.000|
Hit           |        11.382(R)|      SLOW  |         5.358(R)|      FAST  |clk_BUFGP         |   0.000|
WriteEn_out   |        11.764(R)|      SLOW  |         4.986(R)|      FAST  |clk_BUFGP         |   0.000|
--------------+-----------------+------------+-----------------+------------+------------------+--------+

Clock to Setup on destination clock clk
---------------+---------+---------+---------+---------+
               | Src:Rise| Src:Fall| Src:Rise| Src:Fall|
Source Clock   |Dest:Rise|Dest:Rise|Dest:Fall|Dest:Fall|
---------------+---------+---------+---------+---------+
clk            |    5.434|         |         |         |
---------------+---------+---------+---------+---------+

Pad to Pad
---------------+---------------+---------+
Source Pad     |Destination Pad|  Delay  |
---------------+---------------+---------+
Address_in<0>  |Address_out<0> |    7.863|
Address_in<0>  |Address_out<3> |   10.643|
Address_in<0>  |Address_out<4> |   10.479|
Address_in<0>  |Address_out<5> |    9.851|
Address_in<0>  |Data_out<0>    |   12.851|
Address_in<0>  |Data_out<1>    |   13.709|
Address_in<0>  |Data_out<2>    |   12.395|
Address_in<0>  |Data_out<3>    |   12.453|
Address_in<0>  |Data_out<4>    |   12.757|
Address_in<0>  |Data_out<5>    |   12.589|
Address_in<0>  |Data_out<6>    |   12.339|
Address_in<0>  |Data_out<7>    |   11.812|
Address_in<0>  |Hit            |   11.197|
Address_in<0>  |WriteEn_out    |   11.579|
Address_in<1>  |Address_out<1> |   10.010|
Address_in<1>  |Address_out<3> |   11.075|
Address_in<1>  |Address_out<4> |   10.687|
Address_in<1>  |Address_out<5> |   10.059|
Address_in<1>  |Data_out<0>    |   13.283|
Address_in<1>  |Data_out<1>    |   14.141|
Address_in<1>  |Data_out<2>    |   12.827|
Address_in<1>  |Data_out<3>    |   12.885|
Address_in<1>  |Data_out<4>    |   13.189|
Address_in<1>  |Data_out<5>    |   13.021|
Address_in<1>  |Data_out<6>    |   12.771|
Address_in<1>  |Data_out<7>    |   12.244|
Address_in<1>  |Hit            |   11.629|
Address_in<1>  |WriteEn_out    |   12.011|
Address_in<2>  |Address_out<2> |    8.040|
Address_in<2>  |Address_out<3> |   10.170|
Address_in<2>  |Address_out<4> |   10.014|
Address_in<2>  |Address_out<5> |    9.386|
Address_in<2>  |Data_out<0>    |   12.348|
Address_in<2>  |Data_out<1>    |   13.206|
Address_in<2>  |Data_out<2>    |   11.892|
Address_in<2>  |Data_out<3>    |   11.950|
Address_in<2>  |Data_out<4>    |   12.254|
Address_in<2>  |Data_out<5>    |   12.086|
Address_in<2>  |Data_out<6>    |   11.836|
Address_in<2>  |Data_out<7>    |   11.309|
Address_in<2>  |Hit            |   10.694|
Address_in<2>  |WriteEn_out    |   11.076|
Address_in<3>  |Data_out<0>    |   11.495|
Address_in<3>  |Data_out<1>    |   12.353|
Address_in<3>  |Data_out<2>    |   11.039|
Address_in<3>  |Data_out<3>    |   11.097|
Address_in<3>  |Data_out<4>    |   11.401|
Address_in<3>  |Data_out<5>    |   11.233|
Address_in<3>  |Data_out<6>    |   10.983|
Address_in<3>  |Data_out<7>    |   10.456|
Address_in<3>  |Hit            |    9.841|
Address_in<3>  |WriteEn_out    |   10.223|
Address_in<4>  |Data_out<0>    |   10.772|
Address_in<4>  |Data_out<1>    |   11.630|
Address_in<4>  |Data_out<2>    |   10.316|
Address_in<4>  |Data_out<3>    |   10.374|
Address_in<4>  |Data_out<4>    |   10.678|
Address_in<4>  |Data_out<5>    |   10.510|
Address_in<4>  |Data_out<6>    |   10.260|
Address_in<4>  |Data_out<7>    |    9.733|
Address_in<4>  |Hit            |    9.118|
Address_in<4>  |WriteEn_out    |    9.500|
Address_in<5>  |Data_out<0>    |   11.552|
Address_in<5>  |Data_out<1>    |   12.410|
Address_in<5>  |Data_out<2>    |   11.096|
Address_in<5>  |Data_out<3>    |   11.154|
Address_in<5>  |Data_out<4>    |   11.458|
Address_in<5>  |Data_out<5>    |   11.290|
Address_in<5>  |Data_out<6>    |   11.040|
Address_in<5>  |Data_out<7>    |   10.513|
Address_in<5>  |Hit            |    9.898|
Address_in<5>  |WriteEn_out    |   10.280|
---------------+---------------+---------+


Analysis completed Tue Jul 21 13:03:10 2020 
--------------------------------------------------------------------------------

Trace Settings:
-------------------------
Trace Settings 

Peak Memory Usage: 4571 MB



