ISim log file
Running: D:\electrical engineering\computer Architecture\project\phase4\CA_Project_Phase4\TopTb_isim_beh.exe -intstyle ise -gui -tclbatch isim.cmd -wdb D:/electrical engineering/computer Architecture/project/phase4/CA_Project_Phase4/TopTb_isim_beh.wdb 
ISim P.20131013 (signature 0x7708f090)
This is a Full version of ISim.
Time resolution is 1 ps
# onerror resume
# wave add /
# run 1000 ns
Simulator is doing circuit initialization process.
Finished circuit initialization process.
Memory Out:   0

Memory Out:   0

Memory Out:   0

Memory Out:   0

Memory Out:   0

Memory Out:   0

Memory Out:   0

Memory Out:   0

Memory Out:   0

Memory Out:   0

Memory Out:  32

Memory Out:   0

Memory Out:   0

Memory Out:   0

Memory Out:   0

Memory Out:   0

Memory Out:   0

Memory Out:   0

Memory Out:   0

Memory Out:   0

Memory Out:   0

Memory Out:   0

Memory Out:   0

Memory Out:   0

Memory Out:   0

Memory Out:   0

Memory Out:   0

Memory Out:   0

Memory Out:   0

Memory Out:   0

Memory Out:   0

Memory Out:   0

Memory Out:   0

Memory Out:   0

Memory Out:   0

Memory Out:   0

Memory Out:   0

Memory Out:   0

Memory Out:   0

Memory Out:   0

Memory Out:   0

Memory Out:   0

Memory Out:   0

Memory Out:   0

Memory Out:   0

Memory Out:   0

Memory Out:   0

Memory Out:   0

Memory Out: 102

Memory Out:   0

Memory Out:   0

Memory Out:   0

Memory Out:  48

Memory Out:   0

Memory Out:   0

Memory Out:   0

Memory Out:   0

Memory Out:   0

Memory Out:   0

Memory Out:   0

Memory Out:   0

Memory Out:   0

Memory Out:   0

Memory Out:   0

Memory Out:  34

Memory Out:   0

Memory Out:   0

Memory Out:   0

Memory Out:   0

Memory Out:   0

Memory Out:   0

Memory Out:   0

Memory Out:   0

Memory Out:  32

Memory Out:   0

Memory Out:   0

Memory Out:   0

Memory Out:   0

Memory Out:   0

Memory Out:   0

Memory Out:   0

Memory Out: 254

Memory Out:   0

Memory Out:  38

Memory Out:   0

Memory Out:   0

Memory Out: 224

Memory Out:   0

Memory Out:   0

Memory Out:   0

Memory Out:   0

Memory Out:   0

Memory Out:   0

Memory Out:   0

Memory Out:   0

Memory Out: 106

Memory Out:   0

Memory Out:   0

Memory Out:   0

# run all
Memory Out:   0

The Number of Hits is:          28
Stopped at time : 1006 ns :  in File "D:/electrical engineering/computer Architecture/project/phase4/CA_Project_Phase4/TopTb.v" Line 66 
